<?xml version="1.0" encoding="UTF-8"?>
<!-- Generated by org.testng.reporters.JUnitReportReporter -->
<testsuite hostname="LAPTOP-0E4SUFBQ" failures="0" tests="7" name="Teste.com.TR6" time="4.653" errors="0" timestamp="2023-05-01T22:41:48 EDT" skipped="0">
  <testcase classname="Teste.com.TR6" name="verifyLogin" time="1.459"/>
  <system-out/>
  <testcase classname="Teste.com.TR6" name="verifyLogo" time="0.028"/>
  <system-out/>
  <testcase classname="Teste.com.TR6" name="itemNumber" time="0.016"/>
  <system-out/>
  <testcase classname="Teste.com.TR6" name="addToCart" time="2.216"/>
  <system-out/>
  <testcase classname="Teste.com.TR6" name="filter" time="0.418"/>
  <system-out/>
  <testcase classname="Teste.com.TR6" name="checkout" time="0.442"/>
  <system-out/>
  <testcase classname="Teste.com.TR6" name="finishorder" time="0.074"/>
  <system-out/>
</testsuite> <!-- Teste.com.TR6 -->
