<?xml version="1.0" encoding="UTF-8"?>
<!-- Generated by org.testng.reporters.JUnitReportReporter -->
<testsuite hostname="LAPTOP-0E4SUFBQ" failures="0" tests="1" name="Teste.com.Saucelabs" time="3.204" errors="0" timestamp="2023-04-29T19:45:49 EDT" skipped="0">
  <testcase classname="Teste.com.Saucelabs" name="testcase1" time="3.204"/>
  <system-out/>
</testsuite> <!-- Teste.com.Saucelabs -->
