<?xml version="1.0" encoding="UTF-8"?>
<!-- Generated by org.testng.reporters.JUnitReportReporter -->
<testsuite hostname="LAPTOP-0E4SUFBQ" failures="0" tests="1" name="Teste.com.Foldercreate" time="1.793" errors="0" timestamp="2023-05-05T23:00:08 EDT" skipped="0">
  <testcase classname="Teste.com.Foldercreate" name="screenshote" time="1.793"/>
  <system-out/>
</testsuite> <!-- Teste.com.Foldercreate -->
