<?xml version="1.0" encoding="UTF-8"?>
<!-- Generated by org.testng.reporters.JUnitReportReporter -->
<testsuite hostname="LAPTOP-0E4SUFBQ" failures="0" tests="4" name="Teste.com.Action12" time="14.744" errors="0" timestamp="2023-05-04T11:27:15 EDT" skipped="0">
  <testcase classname="Teste.com.Action12" name="dragDrop" time="3.350"/>
  <system-out/>
  <testcase classname="Teste.com.Action12" name="doubleClick" time="3.234"/>
  <system-out/>
  <testcase classname="Teste.com.Action12" name="hover" time="3.194"/>
  <system-out/>
  <testcase classname="Teste.com.Action12" name="cnH" time="4.966"/>
  <system-out/>
</testsuite> <!-- Teste.com.Action12 -->
