<?xml version="1.0" encoding="UTF-8"?>
<!-- Generated by org.testng.reporters.JUnitReportReporter -->
<testsuite hostname="LAPTOP-0E4SUFBQ" failures="0" tests="2" name="Teste.com.Testr1" time="0.014" errors="0" timestamp="2023-04-26T09:27:14 EDT" skipped="0">
  <testcase classname="Teste.com.Testr1" name="testCase" time="0.011"/>
  <system-out/>
  <testcase classname="Teste.com.Testr1" name="testCase1" time="0.003"/>
  <system-out/>
</testsuite> <!-- Teste.com.Testr1 -->
