<?xml version="1.0" encoding="UTF-8"?>
<!-- Generated by org.testng.reporters.JUnitReportReporter -->
<testsuite hostname="LAPTOP-0E4SUFBQ" failures="0" tests="1" name="Teste.com.tester1" time="0.001" errors="0" timestamp="2023-04-26T09:27:14 EDT" skipped="0">
  <testcase classname="Teste.com.tester1" name="loginTest" time="0.001"/>
  <system-out/>
</testsuite> <!-- Teste.com.tester1 -->
