<?xml version="1.0" encoding="UTF-8"?>
<!-- Generated by org.testng.reporters.JUnitReportReporter -->
<testsuite hostname="LAPTOP-0E4SUFBQ" failures="0" tests="3" name="Teste.com.testr2" time="0.009" errors="0" timestamp="2023-04-27T08:01:33 EDT" skipped="0">
  <testcase classname="Teste.com.testr2" name="loginTest2" time="0.006"/>
  <system-out/>
  <testcase classname="Teste.com.testr2" name="loginTest3" time="0.002"/>
  <system-out/>
  <testcase classname="Teste.com.testr2" name="loginTest1" time="0.001"/>
  <system-out/>
</testsuite> <!-- Teste.com.testr2 -->
