<?xml version="1.0" encoding="UTF-8"?>
<!-- Generated by org.testng.reporters.JUnitReportReporter -->
<testsuite hostname="LAPTOP-0E4SUFBQ" failures="0" tests="4" name="Teste.com.testr3" time="0.009" errors="0" timestamp="2023-04-27T08:23:58 EDT" skipped="0">
  <testcase classname="Teste.com.testr3" name="portfolio2" time="0.001"/>
  <system-out/>
  <testcase classname="Teste.com.testr3" name="login1" time="0.006"/>
  <system-out/>
  <testcase classname="Teste.com.testr3" name="login2" time="0.001"/>
  <system-out/>
  <testcase classname="Teste.com.testr3" name="portfolio1" time="0.001"/>
  <system-out/>
</testsuite> <!-- Teste.com.testr3 -->
