<?xml version="1.0" encoding="UTF-8"?>
<!-- Generated by org.testng.reporters.JUnitReportReporter -->
<testsuite hostname="LAPTOP-0E4SUFBQ" failures="0" tests="1" name="Teste.com.screenshot1" time="3.284" errors="0" timestamp="2023-05-05T09:15:02 EDT" skipped="0">
  <testcase classname="Teste.com.screenshot1" name="screenshote" time="3.284"/>
  <system-out/>
</testsuite> <!-- Teste.com.screenshot1 -->
