<?xml version="1.0" encoding="UTF-8"?>
<!-- Generated by org.testng.reporters.JUnitReportReporter -->
<testsuite hostname="LAPTOP-0E4SUFBQ" failures="0" tests="3" name="Teste.com.Dragable" time="1.372" errors="0" timestamp="2023-05-02T22:13:07 EDT" skipped="0">
  <testcase classname="Teste.com.Dragable" name="verifyTitle" time="0.948"/>
  <system-out/>
  <testcase classname="Teste.com.Dragable" name="verifyCurrentUrl" time="0.011"/>
  <system-out/>
  <testcase classname="Teste.com.Dragable" name="verifyDragable" time="0.413"/>
  <system-out/>
</testsuite> <!-- Teste.com.Dragable -->
