<?xml version="1.0" encoding="UTF-8"?>
<!-- Generated by org.testng.reporters.JUnitReportReporter -->
<testsuite hostname="LAPTOP-0E4SUFBQ" failures="0" tests="1" name="Teste.com.Iframe123" time="9.686" errors="0" timestamp="2023-05-05T13:44:09 EDT" skipped="0">
  <testcase classname="Teste.com.Iframe123" name="iframeA" time="9.686"/>
  <system-out/>
</testsuite> <!-- Teste.com.Iframe123 -->
