<?xml version="1.0" encoding="UTF-8"?>
<!-- Generated by org.testng.reporters.JUnitReportReporter -->
<testsuite hostname="LAPTOP-0E4SUFBQ" failures="0" tests="2" name="Teste.com.TestR4" time="0.009" errors="0" timestamp="2023-04-27T08:38:19 EDT" skipped="0">
  <testcase classname="Teste.com.TestR4" name="testcaseTwo" time="0.002"/>
  <system-out/>
  <testcase classname="Teste.com.TestR4" name="testcaseOne" time="0.007"/>
  <system-out/>
</testsuite> <!-- Teste.com.TestR4 -->
